This is XeTeX, Version 3.141592653-2.6-0.999995 (MiKTeX 23.5) (preloaded format=xelatex 2023.5.8)  7 AUG 2023 23:27
entering extended mode
 restricted \write18 enabled.
 %&-line parsing enabled.
**./background_magnitude.tex
(background_magnitude.tex
LaTeX2e <2022-11-01> patch level 1
L3 programming layer <2023-04-20>
(C:\Program Files\MiKTeX\tex/latex/base\article.cls
Document Class: article 2022/07/02 v1.4n Standard LaTeX document class
(C:\Program Files\MiKTeX\tex/latex/base\size12.clo
File: size12.clo 2022/07/02 v1.4n Standard LaTeX file (size option)
)
\c@part=\count181
\c@section=\count182
\c@subsection=\count183
\c@subsubsection=\count184
\c@paragraph=\count185
\c@subparagraph=\count186
\c@figure=\count187
\c@table=\count188
\abovecaptionskip=\skip48
\belowcaptionskip=\skip49
\bibindent=\dimen140
)
(C:\Program Files\MiKTeX\tex/latex/algorithms\algorithm.sty
Invalid UTF-8 byte or sequence at line 11 replaced by U+FFFD.
Package: algorithm 2009/08/24 v0.1 Document Style `algorithm' - floating enviro
nment

(C:\Program Files\MiKTeX\tex/latex/float\float.sty
Package: float 2001/11/08 v1.3d Float enhancements (AL)
\c@float@type=\count189
\float@exts=\toks16
\float@box=\box51
\@float@everytoks=\toks17
\@floatcapt=\box52
)
(C:\Program Files\MiKTeX\tex/latex/base\ifthen.sty
Package: ifthen 2022/04/13 v1.1d Standard LaTeX ifthen package (DPC)
)
\@float@every@algorithm=\toks18
\c@algorithm=\count190
)
(C:\Program Files\MiKTeX\tex/latex/algorithmicx\algpseudocode.sty
Package: algpseudocode 

(C:\Program Files\MiKTeX\tex/latex/algorithmicx\algorithmicx.sty
Package: algorithmicx 2005/04/27 v1.2 Algorithmicx

Document Style algorithmicx 1.2 - a greatly improved `algorithmic' style
\c@ALG@line=\count191
\c@ALG@rem=\count192
\c@ALG@nested=\count193
\ALG@tlm=\skip50
\ALG@thistlm=\skip51
\c@ALG@Lnr=\count194
\c@ALG@blocknr=\count195
\c@ALG@storecount=\count196
\c@ALG@tmpcounter=\count197
\ALG@tmplength=\skip52
)
Document Style - pseudocode environments for use with the `algorithmicx' style
) (C:\Program Files\MiKTeX\tex/latex/amsmath\amsmath.sty
Package: amsmath 2022/04/08 v2.17n AMS math features
\@mathmargin=\skip53

For additional information on amsmath, use the `?' option.
(C:\Program Files\MiKTeX\tex/latex/amsmath\amstext.sty
Package: amstext 2021/08/26 v2.01 AMS text

(C:\Program Files\MiKTeX\tex/latex/amsmath\amsgen.sty
File: amsgen.sty 1999/11/30 v2.0 generic functions
\@emptytoks=\toks19
\ex@=\dimen141
))
(C:\Program Files\MiKTeX\tex/latex/amsmath\amsbsy.sty
Package: amsbsy 1999/11/29 v1.2d Bold Symbols
\pmbraise@=\dimen142
)
(C:\Program Files\MiKTeX\tex/latex/amsmath\amsopn.sty
Package: amsopn 2022/04/08 v2.04 operator names
)
\inf@bad=\count198
LaTeX Info: Redefining \frac on input line 234.
\uproot@=\count199
\leftroot@=\count266
LaTeX Info: Redefining \overline on input line 399.
LaTeX Info: Redefining \colon on input line 410.
\classnum@=\count267
\DOTSCASE@=\count268
LaTeX Info: Redefining \ldots on input line 496.
LaTeX Info: Redefining \dots on input line 499.
LaTeX Info: Redefining \cdots on input line 620.
\Mathstrutbox@=\box53
\strutbox@=\box54
LaTeX Info: Redefining \big on input line 722.
LaTeX Info: Redefining \Big on input line 723.
LaTeX Info: Redefining \bigg on input line 724.
LaTeX Info: Redefining \Bigg on input line 725.
\big@size=\dimen143
LaTeX Font Info:    Redeclaring font encoding OML on input line 743.
LaTeX Font Info:    Redeclaring font encoding OMS on input line 744.
\macc@depth=\count269
LaTeX Info: Redefining \bmod on input line 905.
LaTeX Info: Redefining \pmod on input line 910.
LaTeX Info: Redefining \smash on input line 940.
LaTeX Info: Redefining \relbar on input line 970.
LaTeX Info: Redefining \Relbar on input line 971.
\c@MaxMatrixCols=\count270
\dotsspace@=\muskip16
\c@parentequation=\count271
\dspbrk@lvl=\count272
\tag@help=\toks20
\row@=\count273
\column@=\count274
\maxfields@=\count275
\andhelp@=\toks21
\eqnshift@=\dimen144
\alignsep@=\dimen145
\tagshift@=\dimen146
\tagwidth@=\dimen147
\totwidth@=\dimen148
\lineht@=\dimen149
\@envbody=\toks22
\multlinegap=\skip54
\multlinetaggap=\skip55
\mathdisplay@stack=\toks23
LaTeX Info: Redefining \[ on input line 2953.
LaTeX Info: Redefining \] on input line 2954.
)
(C:\Program Files\MiKTeX\tex/latex/amsfonts\amssymb.sty
Package: amssymb 2013/01/14 v3.01 AMS font symbols

(C:\Program Files\MiKTeX\tex/latex/amsfonts\amsfonts.sty
Package: amsfonts 2013/01/14 v3.01 Basic AMSFonts support
\symAMSa=\mathgroup4
\symAMSb=\mathgroup5
LaTeX Font Info:    Redeclaring math symbol \hbar on input line 98.
LaTeX Font Info:    Overwriting math alphabet `\mathfrak' in version `bold'
(Font)                  U/euf/m/n --> U/euf/b/n on input line 106.
))
(C:\Program Files\MiKTeX\tex/latex/amscls\amsthm.sty
Package: amsthm 2020/05/29 v2.20.6
\thm@style=\toks24
\thm@bodyfont=\toks25
\thm@headfont=\toks26
\thm@notefont=\toks27
\thm@headpunct=\toks28
\thm@preskip=\skip56
\thm@postskip=\skip57
\thm@headsep=\skip58
\dth@everypar=\toks29
)
(C:\Program Files\MiKTeX\tex/latex/tools\bm.sty
Package: bm 2022/01/05 v1.2f Bold Symbol Support (DPC/FMi)
\symboldoperators=\mathgroup6
\symboldletters=\mathgroup7
\symboldsymbols=\mathgroup8
Package bm Info: No bold for \OMX/cmex/m/n, using \pmb.
Package bm Info: No bold for \U/msa/m/n, using \pmb.
Package bm Info: No bold for \U/msb/m/n, using \pmb.
LaTeX Font Info:    Redeclaring math alphabet \mathbf on input line 149.
)
(C:\Program Files\MiKTeX\tex/latex/csquotes\csquotes.sty
Package: csquotes 2022-09-14 v5.2n context-sensitive quotations (JAW)

(C:\Program Files\MiKTeX\tex/latex/etoolbox\etoolbox.sty
Package: etoolbox 2020/10/05 v2.5k e-TeX tools for LaTeX (JAW)
\etb@tempcnta=\count276
)
(C:\Program Files\MiKTeX\tex/latex/graphics\keyval.sty
Package: keyval 2022/05/29 v1.15 key=value parser (DPC)
\KV@toks@=\toks30
)
\csq@reset=\count277
\csq@gtype=\count278
\csq@glevel=\count279
\csq@qlevel=\count280
\csq@maxlvl=\count281
\csq@tshold=\count282
\csq@ltx@everypar=\toks31

(C:\Program Files\MiKTeX\tex/latex/csquotes\csquotes.def
File: csquotes.def 2022-09-14 v5.2n csquotes generic definitions (JAW)
)
Package csquotes Info: Trying to load configuration file 'csquotes.cfg'...
Package csquotes Info: ... configuration file loaded successfully.

(C:\Program Files\MiKTeX\tex/latex/csquotes\csquotes.cfg
File: csquotes.cfg 
))
(C:\Program Files\MiKTeX\tex/latex/emf\emf.sty
Package: emf 2016/09/09. V. 1. Support for EMF symbols (Palle Joergensen)

(C:\Program Files\MiKTeX\tex/latex/xkeyval\xkeyval.sty
Package: xkeyval 2022/06/16 v2.9 package option processing (HA)

(C:\Program Files\MiKTeX\tex/generic/xkeyval\xkeyval.tex
(C:\Program Files\MiKTeX\tex/generic/xkeyval\xkvutils.tex
\XKV@toks=\toks32
\XKV@tempa@toks=\toks33
)
\XKV@depth=\count283
File: xkeyval.tex 2014/12/03 v2.7a key=value parser (HA)
))
LaTeX Font Info:    Overwriting math alphabet `\mathemf' in version `bold'
(Font)                  U/BOONDOX-cal/m/n --> U/BOONDOX-cal/b/n on input line 9
0.
)
(C:\Program Files\MiKTeX\tex/latex/mathtools\empheq.sty
Package: empheq 2017/03/31 v2.15 Emphasizing equations

(C:\Program Files\MiKTeX\tex/latex/mathtools\mhsetup.sty
Package: mhsetup 2021/03/18 v1.4 programming setup (MH)
)
(C:\Program Files\MiKTeX\tex/latex/mathtools\mathtools.sty
Package: mathtools 2022/06/29 v1.29 mathematical typesetting tools

(C:\Program Files\MiKTeX\tex/latex/tools\calc.sty
Package: calc 2017/05/25 v4.3 Infix arithmetic (KKT,FJ)
\calc@Acount=\count284
\calc@Bcount=\count285
\calc@Adimen=\dimen150
\calc@Bdimen=\dimen151
\calc@Askip=\skip59
\calc@Bskip=\skip60
LaTeX Info: Redefining \setlength on input line 80.
LaTeX Info: Redefining \addtolength on input line 81.
\calc@Ccount=\count286
\calc@Cskip=\skip61
)
\g_MT_multlinerow_int=\count287
\l_MT_multwidth_dim=\dimen152
\origjot=\skip62
\l_MT_shortvdotswithinadjustabove_dim=\dimen153
\l_MT_shortvdotswithinadjustbelow_dim=\dimen154
\l_MT_above_intertext_sep=\dimen155
\l_MT_below_intertext_sep=\dimen156
\l_MT_above_shortintertext_sep=\dimen157
\l_MT_below_shortintertext_sep=\dimen158
\xmathstrut@box=\box55
\xmathstrut@dim=\dimen159
)
\l_EQ_equationtype_int=\count288
\l_EQ_alignmentmode_int=\count289
\l_EQ_totalwidth_dim=\dimen160
\l_EQ_displaywidth_dim=\dimen161
\l_EQ_temp_linewidth_dim=\dimen162
\l_EQ_linewidth_dim=\dimen163
\EmphEqdelimitershortfall=\dimen164
\EmphEqdelimiterfactor=\count290
\g_EQ_toptag_height_dim=\dimen165
\g_EQ_bottomtag_depth_dim=\dimen166
\g_EQ_toprow_height_dim=\dimen167
\g_EQ_bottomrow_depth_dim=\dimen168
\g_EQ_widesttag_dim=\dimen169
\EQ_mathdisplay_box=\box56
\EQ_tag_box=\box57
\g_EQ_temprow_int=\count291
)
(C:\Program Files\MiKTeX\tex/latex/geometry\geometry.sty
Package: geometry 2020/01/02 v5.9 Page Geometry

(C:\Program Files\MiKTeX\tex/generic/iftex\ifvtex.sty
Package: ifvtex 2019/10/25 v1.7 ifvtex legacy package. Use iftex instead.

(C:\Program Files\MiKTeX\tex/generic/iftex\iftex.sty
Package: iftex 2022/02/03 v1.0f TeX engine tests
))
\Gm@cnth=\count292
\Gm@cntv=\count293
\c@Gm@tempcnt=\count294
\Gm@bindingoffset=\dimen170
\Gm@wd@mp=\dimen171
\Gm@odd@mp=\dimen172
\Gm@even@mp=\dimen173
\Gm@layoutwidth=\dimen174
\Gm@layoutheight=\dimen175
\Gm@layouthoffset=\dimen176
\Gm@layoutvoffset=\dimen177
\Gm@dimlist=\toks34

(C:\Program Files\MiKTeX\tex/latex/geometry\geometry.cfg))
(C:\Program Files\MiKTeX\tex/latex/graphics\graphicx.sty
Package: graphicx 2021/09/16 v1.2d Enhanced LaTeX Graphics (DPC,SPQR)

(C:\Program Files\MiKTeX\tex/latex/graphics\graphics.sty
Package: graphics 2022/03/10 v1.4e Standard LaTeX Graphics (DPC,SPQR)

(C:\Program Files\MiKTeX\tex/latex/graphics\trig.sty
Package: trig 2021/08/11 v1.11 sin cos tan (DPC)
)
(C:\Program Files\MiKTeX\tex/latex/graphics-cfg\graphics.cfg
File: graphics.cfg 2016/06/04 v1.11 sample graphics configuration
)
Package graphics Info: Driver file: xetex.def on input line 107.

(C:\Program Files\MiKTeX\tex/latex/graphics-def\xetex.def
File: xetex.def 2022/09/22 v5.0n Graphics/color driver for xetex
))
\Gin@req@height=\dimen178
\Gin@req@width=\dimen179
)
(C:\Program Files\MiKTeX\tex/latex/hyperref\hyperref.sty
Package: hyperref 2023-04-22 v7.00x Hypertext links for LaTeX

(C:\Program Files\MiKTeX\tex/generic/ltxcmds\ltxcmds.sty
Package: ltxcmds 2020-05-10 v1.25 LaTeX kernel commands for general use (HO)
)
(C:\Program Files\MiKTeX\tex/generic/pdftexcmds\pdftexcmds.sty
Package: pdftexcmds 2020-06-27 v0.33 Utility functions of pdfTeX for LuaTeX (HO
)

(C:\Program Files\MiKTeX\tex/generic/infwarerr\infwarerr.sty
Package: infwarerr 2019/12/03 v1.5 Providing info/warning/error messages (HO)
)
Package pdftexcmds Info: \pdf@primitive is available.
Package pdftexcmds Info: \pdf@ifprimitive is available.
Package pdftexcmds Info: \pdfdraftmode not found.
)
(C:\Program Files\MiKTeX\tex/latex/kvsetkeys\kvsetkeys.sty
Package: kvsetkeys 2022-10-05 v1.19 Key value parser (HO)
)
(C:\Program Files\MiKTeX\tex/generic/kvdefinekeys\kvdefinekeys.sty
Package: kvdefinekeys 2019-12-19 v1.6 Define keys (HO)
)
(C:\Program Files\MiKTeX\tex/generic/pdfescape\pdfescape.sty
Package: pdfescape 2019/12/09 v1.15 Implements pdfTeX's escape features (HO)
)
(C:\Program Files\MiKTeX\tex/latex/hycolor\hycolor.sty
Package: hycolor 2020-01-27 v1.10 Color options for hyperref/bookmark (HO)
)
(C:\Program Files\MiKTeX\tex/latex/letltxmacro\letltxmacro.sty
Package: letltxmacro 2019/12/03 v1.6 Let assignment for LaTeX macros (HO)
)
(C:\Program Files\MiKTeX\tex/latex/auxhook\auxhook.sty
Package: auxhook 2019-12-17 v1.6 Hooks for auxiliary files (HO)
)
(C:\Program Files\MiKTeX\tex/latex/hyperref\nameref.sty
Package: nameref 2022-05-17 v2.50 Cross-referencing by name of section

(C:\Program Files\MiKTeX\tex/latex/refcount\refcount.sty
Package: refcount 2019/12/15 v3.6 Data extraction from label references (HO)
)
(C:\Program Files\MiKTeX\tex/generic/gettitlestring\gettitlestring.sty
Package: gettitlestring 2019/12/15 v1.6 Cleanup title references (HO)

(C:\Program Files\MiKTeX\tex/latex/kvoptions\kvoptions.sty
Package: kvoptions 2022-06-15 v3.15 Key value format for package options (HO)
))
\c@section@level=\count295
)
\@linkdim=\dimen180
\Hy@linkcounter=\count296
\Hy@pagecounter=\count297

(C:\Program Files\MiKTeX\tex/latex/hyperref\pd1enc.def
File: pd1enc.def 2023-04-22 v7.00x Hyperref: PDFDocEncoding definition (HO)
)
(C:\Program Files\MiKTeX\tex/generic/intcalc\intcalc.sty
Package: intcalc 2019/12/15 v1.3 Expandable calculations with integers (HO)
)
\Hy@SavedSpaceFactor=\count298

(C:\Program Files\MiKTeX\tex/latex/hyperref\puenc.def
File: puenc.def 2023-04-22 v7.00x Hyperref: PDF Unicode definition (HO)
)
Package hyperref Info: Hyper figures OFF on input line 4182.
Package hyperref Info: Link nesting OFF on input line 4187.
Package hyperref Info: Hyper index ON on input line 4190.
Package hyperref Info: Plain pages OFF on input line 4197.
Package hyperref Info: Backreferencing OFF on input line 4202.
Package hyperref Info: Implicit mode ON; LaTeX internals redefined.
Package hyperref Info: Bookmarks ON on input line 4449.
\c@Hy@tempcnt=\count299

(C:\Program Files\MiKTeX\tex/latex/url\url.sty
\Urlmuskip=\muskip17
Package: url 2013/09/16  ver 3.4  Verb mode for urls, etc.
)
LaTeX Info: Redefining \url on input line 4787.
\XeTeXLinkMargin=\dimen181

(C:\Program Files\MiKTeX\tex/generic/bitset\bitset.sty
Package: bitset 2019/12/09 v1.3 Handle bit-vector datatype (HO)

(C:\Program Files\MiKTeX\tex/generic/bigintcalc\bigintcalc.sty
Package: bigintcalc 2019/12/15 v1.5 Expandable calculations on big integers (HO
)
))
\Fld@menulength=\count300
\Field@Width=\dimen182
\Fld@charsize=\dimen183
Package hyperref Info: Hyper figures OFF on input line 6066.
Package hyperref Info: Link nesting OFF on input line 6071.
Package hyperref Info: Hyper index ON on input line 6074.
Package hyperref Info: backreferencing OFF on input line 6081.
Package hyperref Info: Link coloring OFF on input line 6086.
Package hyperref Info: Link coloring with OCG OFF on input line 6091.
Package hyperref Info: PDF/A mode OFF on input line 6096.

(C:\Program Files\MiKTeX\tex/latex/base\atbegshi-ltx.sty
Package: atbegshi-ltx 2021/01/10 v1.0c Emulation of the original atbegshi
package with kernel methods
)
\Hy@abspage=\count301
\c@Item=\count302
\c@Hfootnote=\count303
)
Package hyperref Info: Driver (autodetected): hxetex.

(C:\Program Files\MiKTeX\tex/latex/hyperref\hxetex.def
File: hxetex.def 2023-04-22 v7.00x Hyperref driver for XeTeX

(C:\Program Files\MiKTeX\tex/generic/stringenc\stringenc.sty
Package: stringenc 2019/11/29 v1.12 Convert strings between diff. encodings (HO
)
)
\pdfm@box=\box58
\c@Hy@AnnotLevel=\count304
\HyField@AnnotCount=\count305
\Fld@listcount=\count306
\c@bookmark@seq@number=\count307

(C:\Program Files\MiKTeX\tex/latex/rerunfilecheck\rerunfilecheck.sty
Package: rerunfilecheck 2022-07-10 v1.10 Rerun checks for auxiliary files (HO)

(C:\Program Files\MiKTeX\tex/latex/base\atveryend-ltx.sty
Package: atveryend-ltx 2020/08/19 v1.0a Emulation of the original atveryend pac
kage
with kernel methods
)
(C:\Program Files\MiKTeX\tex/generic/uniquecounter\uniquecounter.sty
Package: uniquecounter 2019/12/15 v1.4 Provide unlimited unique counter (HO)
)
Package uniquecounter Info: New unique counter `rerunfilecheck' on input line 2
85.
)
\Hy@SectionHShift=\skip63
)
(C:\Program Files\MiKTeX\tex/latex/listings\listings.sty
\lst@mode=\count308
\lst@gtempboxa=\box59
\lst@token=\toks35
\lst@length=\count309
\lst@currlwidth=\dimen184
\lst@column=\count310
\lst@pos=\count311
\lst@lostspace=\dimen185
\lst@width=\dimen186
\lst@newlines=\count312
\lst@lineno=\count313
\lst@maxwidth=\dimen187

(C:\Program Files\MiKTeX\tex/latex/listings\lstmisc.sty
File: lstmisc.sty 2023/02/27 1.9 (Carsten Heinz)
\c@lstnumber=\count314
\lst@skipnumbers=\count315
\lst@framebox=\box60
)
(C:\Program Files\MiKTeX\tex/latex/listings\listings.cfg
File: listings.cfg 2023/02/27 1.9 listings configuration
))
Package: listings 2023/02/27 1.9 (Carsten Heinz)

(C:\Program Files\MiKTeX\tex/latex/mhchem\mhchem.sty
Package: mhchem 2021/12/31 v4.09 for typesetting chemical formulae

(C:\Program Files\MiKTeX\tex/latex/l3kernel\expl3.sty
Package: expl3 2023-04-20 L3 programming layer (loader) 

(C:\Program Files\MiKTeX\tex/latex/l3backend\l3backend-xetex.def
File: l3backend-xetex.def 2023-04-19 L3 backend support: XeTeX
\g__graphics_track_int=\count316
\l__pdf_internal_box=\box61
\g__pdf_backend_object_int=\count317
\g__pdf_backend_annotation_int=\count318
\g__pdf_backend_link_int=\count319
))
(C:\Program Files\MiKTeX\tex/latex/l3packages/l3keys2e\l3keys2e.sty
Package: l3keys2e 2023-02-02 LaTeX2e option processing using LaTeX3 keys
)
(C:\Program Files\MiKTeX\tex/latex/chemgreek\chemgreek.sty
(C:\Program Files\MiKTeX\tex/latex/l3packages/xparse\xparse.sty
Package: xparse 2023-02-02 L3 Experimental document command parser
)
Package: chemgreek 2020/01/16 v1.1a interface for upright Greek letters for use
 in chemistry (CN)
\l__chemgreek_tmpa_int=\count320
\g__chemgreek_tmpa_int=\count321
)
\l__mhchem_ce_distanceFromLastComma_int=\count322
\__mhchem_arrow_extPgfLength_skip=\skip64
\mhchem@minispace@tmp=\skip65
\mhchem@minibackspace@tmp=\skip66
\mhchem@bondwidth=\skip67
\mhchem@bondheight=\skip68
\mhchem@smallbondwidth@tmpA=\skip69
\mhchem@smallbondwidth@tmpB=\skip70
\mhchem@smallbondwidth=\skip71
\mhchem@bondtmp@minussidebearingleft=\skip72
\mhchem@bondtmp@minussidebearingright=\skip73
\l__mhchem_option_version_int=\count323
\mhchem@option@minusmathsidebearingleft=\dimen188
\mhchem@option@minusmathsidebearingright=\dimen189
\mhchem@option@minustextsidebearingleft=\dimen190
\mhchem@option@minustextsidebearingright=\dimen191


Package mhchem Warning: You did not specify a 'version' option for the mhchem
(mhchem)                package. Please write \usepackage[version=4]{mhchem}
(mhchem)                in your preamble (or any lower number for
(mhchem)                compatibility mode), because you might get slightly
(mhchem)                different output with the same input in future versions
.

) (C:\Program Files\MiKTeX\tex/latex/multirow\multirow.sty
Package: multirow 2021/03/15 v2.8 Span multiple rows of a table
\multirow@colwidth=\skip74
\multirow@cntb=\count324
\multirow@dima=\skip75
\bigstrutjot=\dimen192
)
(C:\Program Files\MiKTeX\tex/latex/siunitx\siunitx.sty
Package: siunitx 2023-04-13 v3.2.5 A comprehensive (SI) units package
\l__siunitx_angle_tmp_dim=\dimen193
\l__siunitx_angle_marker_box=\box62
\l__siunitx_angle_unit_box=\box63
\l__siunitx_compound_count_int=\count325

(C:\Program Files\MiKTeX\tex/latex/translations\translations.sty
Package: translations 2022/02/05 v1.12 internationalization of LaTeX2e packages
 (CN)
)
\l__siunitx_number_exponent_fixed_int=\count326
\l__siunitx_number_min_decimal_int=\count327
\l__siunitx_number_min_integer_int=\count328
\l__siunitx_number_round_precision_int=\count329
\l__siunitx_number_lower_threshold_int=\count330
\l__siunitx_number_upper_threshold_int=\count331
\l__siunitx_number_group_first_int=\count332
\l__siunitx_number_group_size_int=\count333
\l__siunitx_number_group_minimum_int=\count334
\l__siunitx_table_tmp_box=\box64
\l__siunitx_table_tmp_dim=\dimen194
\l__siunitx_table_column_width_dim=\dimen195
\l__siunitx_table_integer_box=\box65
\l__siunitx_table_decimal_box=\box66
\l__siunitx_table_uncert_box=\box67
\l__siunitx_table_before_box=\box68
\l__siunitx_table_after_box=\box69
\l__siunitx_table_before_dim=\dimen196
\l__siunitx_table_carry_dim=\dimen197
\l__siunitx_unit_tmp_int=\count335
\l__siunitx_unit_position_int=\count336
\l__siunitx_unit_total_int=\count337

(C:\Program Files\MiKTeX\tex/latex/tools\array.sty
Package: array 2022/09/04 v2.5g Tabular extension package (FMi)
\col@sep=\dimen198
\ar@mcellbox=\box70
\extrarowheight=\dimen199
\NC@list=\toks36
\extratabsurround=\skip76
\backup@length=\skip77
\ar@cellbox=\box71
))
(C:\Program Files\MiKTeX\tex/latex/slashbox\slashbox.sty
slashbox style by K.Yasuoka, May 1993.
\@slashboxa=\box72
\@slashboxb=\box73
\@slashboxc=\box74
\@slashboxwd=\count338
\@slashboxht=\count339
\@slashsepl=\dimen256
\@slashsepr=\dimen257
) (C:\Program Files\MiKTeX\tex/latex/caption\subcaption.sty
Package: subcaption 2023/02/19 v1.6 Sub-captions (AR)

(C:\Program Files\MiKTeX\tex/latex/caption\caption.sty
Package: caption 2023/03/12 v3.6j Customizing captions (AR)

(C:\Program Files\MiKTeX\tex/latex/caption\caption3.sty
Package: caption3 2023/03/12 v2.4 caption3 kernel (AR)
\caption@tempdima=\dimen258
\captionmargin=\dimen259
\caption@leftmargin=\dimen260
\caption@rightmargin=\dimen261
\caption@width=\dimen262
\caption@indent=\dimen263
\caption@parindent=\dimen264
\caption@hangindent=\dimen265
Package caption Info: Standard document class detected.
)
\c@caption@flags=\count340
\c@continuedfloat=\count341
Package caption Info: float package is loaded.
Package caption Info: hyperref package is loaded.
Package caption Info: listings package is loaded.
)
Package caption Info: New subtype `subfigure' on input line 239.
\c@subfigure=\count342
Package caption Info: New subtype `subtable' on input line 239.
\c@subtable=\count343
)
(C:\Program Files\MiKTeX\tex/latex/was\upgreek.sty
Package: upgreek 2003/02/12 v2.0 (WaS)
Package upgreek Info: Using Euler Roman for upright Greek on input line 31.
\symugrf@m=\mathgroup9
LaTeX Font Info:    Overwriting symbol font `ugrf@m' in version `bold'
(Font)                  U/eur/m/n --> U/eur/b/n on input line 38.
)
(C:\Program Files\MiKTeX\tex/latex/physics\physics.sty
Package: physics 
)
(C:\Program Files\MiKTeX\tex/latex/cellspace\cellspace.sty
Package: cellspace 2022/01/04 v1.9.0 Spacing table cells (JN)
\cellspacetoplimit=\dimen266
\cellspacebottomlimit=\dimen267
\cellspace@firstht=\dimen268
\cellspace@lastdp=\dimen269
)
(C:\Program Files\MiKTeX\tex/xelatex/xepersian\xepersian.sty
Package: xepersian 2022/10/30 v24.8 (Release Women, Life, and Freedom) Persian 
typesetting in XeLaTeX

(C:\Program Files\MiKTeX\tex/latex/fontspec\fontspec.sty
Package: fontspec 2022/01/15 v2.8a Font selection for XeLaTeX and LuaLaTeX

(C:\Program Files\MiKTeX\tex/latex/fontspec\fontspec-xetex.sty
Package: fontspec-xetex 2022/01/15 v2.8a Font selection for XeLaTeX and LuaLaTe
X
\l__fontspec_script_int=\count344
\l__fontspec_language_int=\count345
\l__fontspec_strnum_int=\count346
\l__fontspec_tmp_int=\count347
\l__fontspec_tmpa_int=\count348
\l__fontspec_tmpb_int=\count349
\l__fontspec_tmpc_int=\count350
\l__fontspec_em_int=\count351
\l__fontspec_emdef_int=\count352
\l__fontspec_strong_int=\count353
\l__fontspec_strongdef_int=\count354
\l__fontspec_tmpa_dim=\dimen270
\l__fontspec_tmpb_dim=\dimen271
\l__fontspec_tmpc_dim=\dimen272

(C:\Program Files\MiKTeX\tex/latex/base\fontenc.sty
Package: fontenc 2021/04/29 v2.0v Standard LaTeX package
)
(C:\Program Files\MiKTeX\tex/latex/fontspec\fontspec.cfg)))
(C:\Program Files\MiKTeX\tex/xelatex/xepersian\xepersian-persiancal.sty
Package: xepersian-persiancal 2012/07/25 v0.2 provides Persian calendar
\XePersian@i=\count355
\XePersian@y=\count356
\XePersian@m=\count357
\XePersian@d=\count358
\XePersian@latini=\count359
\XePersian@persiani=\count360
\XePersian@latinii=\count361
\XePersian@persianii=\count362
\XePersian@latiniii=\count363
\XePersian@persianiii=\count364
\XePersian@latiniv=\count365
\XePersian@persianiv=\count366
\XePersian@latinv=\count367
\XePersian@persianv=\count368
\XePersian@latinvi=\count369
\XePersian@persianvi=\count370
\XePersian@latinvii=\count371
\XePersian@persianvii=\count372
\XePersian@latinviii=\count373
\XePersian@persianviii=\count374
\XePersian@latinix=\count375
\XePersian@persianix=\count376
\XePersian@latinx=\count377
\XePersian@persianx=\count378
\XePersian@latinxi=\count379
\XePersian@persianxi=\count380
\XePersian@latinxii=\count381
\XePersian@persianxii=\count382
\XePersian@persianxiii=\count383
\XePersian@temp=\count384
\XePersian@temptwo=\count385
\XePersian@tempthree=\count386
\XePersian@yModHundred=\count387
\XePersian@thirtytwo=\count388
\XePersian@dn=\count389
\XePersian@sn=\count390
\XePersian@mminusone=\count391
)
(C:\Program Files\MiKTeX\tex/xelatex/xepersian\xepersian-mathdigitspec.sty
Package: xepersian-mathdigitspec 2022/05/20 v1.2.0 Unicode Persian math digits 
in XeLaTeX
)
(C:\Program Files\MiKTeX\tex/xelatex/bidi\bidi.sty
Package: bidi 2023/01/18 v39.7 (Release Serge Lang) Bidirectional typesetting i
n plain TeX and LaTeX

****************************************************
* 
* bidi package (Bidirectional typesetting in
* plain TeX and LaTeX, using XeTeX engine)
* 
* Description: A convenient interface for
* typesetting bidirectional texts in plain TeX
* and LaTeX. The package includes adaptations
* for use with many other commonly-used packages.
* 
* Copyright (c) 2007--2023 Vafa Khalighi
* Copyright (c) 2018--2020 bidi-tex GitHub organization
* 
* v39.7 (Release Serge Lang), 2023/01/18
* 
* License: LaTeX Project Public License, version
* 1.3c or higher (your choice)
* 
* Location on CTAN: /macros/xetex/latex/bidi
* 
* Issue tracker: https://github.com/kvafa/bidi/issues
* 
* Discussions: https://github.com/kvafa/bidi/discussions
* 
* Primary author of bidi package: Vafa Khalighi.
* 
****************************************************
(C:\Program Files\MiKTeX\tex/xelatex/bidi\biditools.sty
Package: biditools 2022/06/15 v2.3 Programming tools for bidi package
\@bidi@envbody=\toks37
\@bidi@emptytoks=\toks38
\bidi@poscount=\count392
\bidi@tempcountb=\count393
\bidi@temptoksa=\toks39
\bidi@temptoksb=\toks40
\bidi@dummies=\count394
\bidi@are@these@correct=\toks41
\bidi@toks@lista=\toks42
\bidi@toks@listb=\toks43
\bidi@stack@length=\count395
\bidi@empty@stack=\toks44
\bidi@looprepeat@depth=\count396
)
(C:\Program Files\MiKTeX\tex/latex/zref\zref-abspage.sty
Package: zref-abspage 2022-04-07 v2.34 Module abspage for zref (HO)

(C:\Program Files\MiKTeX\tex/latex/zref\zref-base.sty
Package: zref-base 2022-04-07 v2.34 Module base for zref (HO)

(C:\Program Files\MiKTeX\tex/generic/etexcmds\etexcmds.sty
Package: etexcmds 2019/12/15 v1.7 Avoid name clashes with e-TeX commands (HO)
)
Package zref Info: New property list: main on input line 767.
Package zref Info: New property: default on input line 768.
Package zref Info: New property: page on input line 769.
)
\c@abspage=\count397
Package zref Info: New property: abspage on input line 65.
)
\@bidi@copyins@=\insert252

(C:\Program Files\MiKTeX\tex/xelatex/bidi\latex-xetex-bidi.def
File: latex-xetex-bidi.def 2022/07/04 v1.4.9 bidi adaptations for `latex.ltx' f
or XeTeX engine
\bidi@n@everypar=\toks45
\bidi@column@check@number=\count398

(C:\Program Files\MiKTeX\tex/xelatex/bidi\footnote-xetex-bidi.def
File: footnote-xetex-bidi.def 2023/01/18 v1.2 bidi footnote macros for XeTeX en
gine
\c@footdir@label=\count399
\footdir@toks=\toks46
)
(C:\Program Files\MiKTeX\tex/xelatex/bidi\article-xetex-bidi.def
File: article-xetex-bidi.def 2017/06/09 v0.6 bidi adaptations for standard arti
cle class for XeTeX engine
)
(C:\Program Files\MiKTeX\tex/xelatex/bidi\mathtools-xetex-bidi.def
File: mathtools-xetex-bidi.def 2018/01/07 v0.1 bidi adaptations for mathtools p
ackage for XeTeX engine
)
(C:\Program Files\MiKTeX\tex/xelatex/bidi\amsmath-xetex-bidi.def
File: amsmath-xetex-bidi.def 2020/05/16 v1.2 bidi adaptations for amsmath packa
ge for XeTeX engine
)
(C:\Program Files\MiKTeX\tex/xelatex/bidi\amstext-xetex-bidi.def
File: amstext-xetex-bidi.def 2016/09/12 v0.2 bidi adaptations for amstext packa
ge for XeTeX engine
)
(C:\Program Files\MiKTeX\tex/xelatex/bidi\amsthm-xetex-bidi.def
File: amsthm-xetex-bidi.def 2010/07/25 v0.1 bidi adaptations for amsthm package
 for XeTeX engine
)
(C:\Program Files\MiKTeX\tex/xelatex/bidi\caption-xetex-bidi.def
File: caption-xetex-bidi.def 2010/07/25 v0.1 bidi adaptations for caption packa
ge for XeTeX engine
)
(C:\Program Files\MiKTeX\tex/xelatex/bidi\caption3-xetex-bidi.def
File: caption3-xetex-bidi.def 2013/04/01 v0.1 bidi adaptations for caption3 pac
kage for XeTeX engine
)
(C:\Program Files\MiKTeX\tex/xelatex/bidi\float-xetex-bidi.def
File: float-xetex-bidi.def 2013/04/04 v0.2 bidi adaptations for float package f
or XeTeX engine
)
(C:\Program Files\MiKTeX\tex/xelatex/bidi\graphicx-xetex-bidi.def
File: graphicx-xetex-bidi.def 2017/06/17 v0.5 bidi adaptations for graphicx pac
kage for XeTeX engine
)
(C:\Program Files\MiKTeX\tex/xelatex/bidi\geometry-xetex-bidi.def
File: geometry-xetex-bidi.def 2017/01/14 v0.2 bidi adaptations for geometry pac
kage for XeTeX engine
)
(C:\Program Files\MiKTeX\tex/xelatex/bidi\hyperref-xetex-bidi.def
File: hyperref-xetex-bidi.def 2018/11/11 v1.1 bidi adaptations for hyperref pac
kage for XeTeX engine
)
(C:\Program Files\MiKTeX\tex/xelatex/bidi\empheq-xetex-bidi.def
File: empheq-xetex-bidi.def 2018/01/08 v0.2 bidi adaptations for empheq package
 for XeTeX engine
)
(C:\Program Files\MiKTeX\tex/xelatex/bidi\listings-xetex-bidi.def
File: listings-xetex-bidi.def 2018/09/15 v1.5 bidi adaptations for listings pac
kage for XeTeX engine
)
(C:\Program Files\MiKTeX\tex/xelatex/bidi\array-xetex-bidi.def
File: array-xetex-bidi.def 2015/11/07 v0.3 bidi adaptations for array package f
or XeTeX engine
))
(C:\Program Files\MiKTeX\tex/xelatex/bidi\loadingorder-xetex-bidi.def
File: loadingorder-xetex-bidi.def 2017/12/29 v0.97 making sure that bidi is the
 last package loaded
)
\bidi@digits=\count400
\bidi@digits@charclass=\XeTeXcharclass1
\bidi@sepmark@charclass=\XeTeXcharclass2
)
****************************************************
* 
* xepersian package (Persian for LaTeX, using XeTeX engine)
* 
* Description: The package supports Persian
* typesetting, using fonts provided in the
* distribution.
* 
* Copyright (c) 2008--2022 Vafa Khalighi
* Copyright (c) 2018--2020 bidi-tex GitHub Organization
* 
* v24.8 (Release Women, Life, and Freedom), 2022/10/30
* 
* License: LaTeX Project Public License, version
* 1.3c or higher (your choice)
* 
* Location on CTAN: /macros/xetex/latex/xepersian
* 
* Issue tracker: https://github.com/kvafa/xepersian/issues
* 
* Discussions: https://github.com/kvafa/xepersian/discussions
* 
* Primary author of xepersian package: Vafa Khalighi.
* 
****************************************************
\xepersian@tcl=\count401
\xepersian@ilg=\dimen273
\xepersian@strutilg=\dimen274
(C:\Program Files\MiKTeX\tex/xelatex/xepersian\loadingorder-xepersian.def
File: loadingorder-xepersian.def 2018/09/29 v0.5 making sure that xepersian is 
the last package loaded
)
(C:\Program Files\MiKTeX\tex/xelatex/xepersian\footnote-xepersian.def
File: footnote-xepersian.def 2017/08/09 v0.6 footnote macros for xepersian pack
age
)
(C:\Program Files\MiKTeX\tex/xelatex/xepersian\listings-xepersian.def
File: listings-xepersian.def 2014/07/17 v0.3 bilingual captions for listings pa
ckage
)
(C:\Program Files\MiKTeX\tex/xelatex/xepersian\algorithm-xepersian.def
File: algorithm-xepersian.def 2010/07/25 v0.2 adaptations for algorithm package

)
(C:\Program Files\MiKTeX\tex/xelatex/xepersian\hyperref-xepersian.def
File: hyperref-xepersian.def 2022/10/30 v0.8 xepersian adaptations for hyperref
 package
)
(C:\Program Files\MiKTeX\tex/xelatex/xepersian\url-xepersian.def
File: url-xepersian.def 2022/02/18 v0.1 adaptations for url package
)
(C:\Program Files\MiKTeX\tex/xelatex/xepersian\article-xepersian.def
File: article-xepersian.def 2010/07/25 v0.2 adaptations for standard article cl
ass
)
(C:\Program Files\MiKTeX\tex/xelatex/bidi\extrafootnotefeatures-xetex-bidi.def
File: extrafootnotefeatures-xetex-bidi.def 2023/01/18 v2.5 bidi extra footnote 
features for XeTeX engine
\bidi@columnwidth=\dimen275
\footmarkwidth=\skip78
\footinsdim=\skip79
\bidi@absolutepage@count=\count402
\bidi@absolutefootnote@count=\count403
\footinsv@r=\insert251
\footinsv@l=\insert250
\@mpfootinsv@r=\insert249
\@mpfootinsv@l=\insert248
\m@m@k=\count404
\m@m@h=\dimen276
\m@mipn@skip=\skip80
)
(C:\Program Files\MiKTeX\tex/xelatex/xepersian\extrafootnotefeatures-xepersian.
def
File: extrafootnotefeatures-xepersian.def 2012/01/01 v0.2 footnote macros for e
xtrafootnotefeatures option of xepersian package
)

Package fontspec Info: Font family 'lmroman10-regular(0)' created for font
(fontspec)             'lmroman10-regular' with options
(fontspec)             [Ligatures=TeX,Path,BoldFont={lmroman10-bold},BoldItalic
Font={lmroman10-bolditalic},ItalicFont={lmroman10-italic},SmallCapsFont={lmroma
ncaps10-regular},SlantedFont={lmromanslant10-regular},BoldSlantedFont={lmromans
lant10-bold}].
(fontspec)              
(fontspec)              This font family consists of the following NFSS
(fontspec)             series/shapes:
(fontspec)              
(fontspec)             - 'normal' (m/n) with NFSS spec.:
(fontspec)             <->"[lmroman10-regular]/OT:script=latn;language=dflt;map
ping=tex-text;"
(fontspec)             - 'small caps'  (m/sc) with NFSS spec.:
(fontspec)             <->"[lmromancaps10-regular]/OT:script=latn;language=dflt
;mapping=tex-text;"
(fontspec)             - 'bold' (b/n) with NFSS spec.:
(fontspec)             <->"[lmroman10-bold]/OT:script=latn;language=dflt;mappin
g=tex-text;"
(fontspec)             - 'bold small caps'  (b/sc) with NFSS spec.:
(fontspec)             <->"[lmromancaps10-regular]/OT:script=latn;language=dflt
;mapping=tex-text;"
(fontspec)             - 'italic' (m/it) with NFSS spec.:
(fontspec)             <->"[lmroman10-italic]/OT:script=latn;language=dflt;mapp
ing=tex-text;"
(fontspec)             - 'italic small caps'  (m/scit) with NFSS spec.:
(fontspec)             <->"[lmromancaps10-regular]/OT:script=latn;language=dflt
;mapping=tex-text;"
(fontspec)             - 'slanted' (m/sl) with NFSS spec.:
(fontspec)             <->"[lmromanslant10-regular]/OT:script=latn;language=dfl
t;mapping=tex-text;"
(fontspec)             - 'slanted small caps'  (m/scsl) with NFSS spec.:
(fontspec)             <->"[lmromancaps10-regular]/OT:script=latn;language=dflt
;mapping=tex-text;"
(fontspec)             - 'bold italic' (b/it) with NFSS spec.:
(fontspec)             <->"[lmroman10-bolditalic]/OT:script=latn;language=dflt;
mapping=tex-text;"
(fontspec)             - 'bold italic small caps'  (b/scit) with NFSS spec.:
(fontspec)             <->"[lmromancaps10-regular]/OT:script=latn;language=dflt
;mapping=tex-text;"
(fontspec)             - 'bold slanted' (b/sl) with NFSS spec.:
(fontspec)             <->"[lmromanslant10-bold]/OT:script=latn;language=dflt;m
apping=tex-text;"
(fontspec)             - 'bold slanted small caps'  (b/scsl) with NFSS spec.:
(fontspec)             <->"[lmromancaps10-regular]/OT:script=latn;language=dflt
;mapping=tex-text;"

)
Package hyperref Info: Option `colorlinks' set `true' on input line 8.

Package fontspec Info: Font family 'Yas(0)' created for font 'Yas' with
(fontspec)             options
(fontspec)             [RawFeature={script=arab},Ligatures=PersianTeX].
(fontspec)              
(fontspec)              This font family consists of the following NFSS
(fontspec)             series/shapes:
(fontspec)              
(fontspec)             - 'normal' (m/n) with NFSS spec.:
(fontspec)             <->"Yas/OT:script=latn;language=dflt;script=arab;mapping
=persian-tex-text;"
(fontspec)             - 'small caps'  (m/sc) with NFSS spec.: 
(fontspec)             - 'bold' (b/n) with NFSS spec.:
(fontspec)             <->"Yas/B/OT:script=latn;language=dflt;script=arab;mappi
ng=persian-tex-text;"
(fontspec)             - 'bold small caps'  (b/sc) with NFSS spec.: 
(fontspec)             - 'italic' (m/it) with NFSS spec.:
(fontspec)             <->"Yas/I/OT:script=latn;language=dflt;script=arab;mappi
ng=persian-tex-text;"
(fontspec)             - 'italic small caps'  (m/scit) with NFSS spec.: 
(fontspec)             - 'bold italic' (b/it) with NFSS spec.:
(fontspec)             <->"Yas/BI/OT:script=latn;language=dflt;script=arab;mapp
ing=persian-tex-text;"
(fontspec)             - 'bold italic small caps'  (b/scit) with NFSS spec.: 

\c@theorem=\count405
\c@lemma=\count406
Package csquotes Info: Checking for multilingual support...
Package csquotes Info: ... none found.
Package translations Info: No language package found. I am going to use `englis
h' as default language. on input line 47.
 (background_magnitude.aux)
\openout1 = `background_magnitude.aux'.

LaTeX Font Info:    Checking defaults for OML/cmm/m/it on input line 47.
LaTeX Font Info:    ... okay on input line 47.
LaTeX Font Info:    Checking defaults for OMS/cmsy/m/n on input line 47.
LaTeX Font Info:    ... okay on input line 47.
LaTeX Font Info:    Checking defaults for OT1/cmr/m/n on input line 47.
LaTeX Font Info:    ... okay on input line 47.
LaTeX Font Info:    Checking defaults for T1/cmr/m/n on input line 47.
LaTeX Font Info:    ... okay on input line 47.
LaTeX Font Info:    Checking defaults for TS1/cmr/m/n on input line 47.
LaTeX Font Info:    Trying to load font information for TS1+cmr on input line 4
7.

(C:\Program Files\MiKTeX\tex/latex/base\ts1cmr.fd
File: ts1cmr.fd 2022/07/10 v2.5l Standard LaTeX font definitions
)
LaTeX Font Info:    ... okay on input line 47.
LaTeX Font Info:    Checking defaults for TU/lmr/m/n on input line 47.
LaTeX Font Info:    ... okay on input line 47.
LaTeX Font Info:    Checking defaults for OMX/cmex/m/n on input line 47.
LaTeX Font Info:    ... okay on input line 47.
LaTeX Font Info:    Checking defaults for U/cmr/m/n on input line 47.
LaTeX Font Info:    ... okay on input line 47.
LaTeX Font Info:    Checking defaults for PD1/pdf/m/n on input line 47.
LaTeX Font Info:    ... okay on input line 47.
LaTeX Font Info:    Checking defaults for PU/pdf/m/n on input line 47.
LaTeX Font Info:    ... okay on input line 47.

*geometry* driver: auto-detecting
*geometry* detected driver: xetex
*geometry* verbose mode - [ preamble ] result:
* driver: xetex
* paper: a4paper
* layout: <same size as paper>
* layoutoffset:(h,v)=(0.0pt,0.0pt)
* modes: 
* h-part:(L,W,R)=(89.62709pt, 418.25368pt, 89.6271pt)
* v-part:(T,H,B)=(101.40665pt, 591.5302pt, 152.11pt)
* \paperwidth=597.50787pt
* \paperheight=845.04684pt
* \textwidth=418.25368pt
* \textheight=591.5302pt
* \oddsidemargin=17.3571pt
* \evensidemargin=17.3571pt
* \topmargin=-7.86334pt
* \headheight=12.0pt
* \headsep=25.0pt
* \topskip=12.0pt
* \footskip=30.0pt
* \marginparwidth=35.0pt
* \marginparsep=10.0pt
* \columnsep=10.0pt
* \skip\footins=10.8pt plus 4.0pt minus 2.0pt
* \hoffset=0.0pt
* \voffset=0.0pt
* \mag=1000
* \@twocolumnfalse
* \@twosidefalse
* \@mparswitchfalse
* \@reversemarginfalse
* (1in=72.27pt=25.4mm, 1cm=28.453pt)

(C:\Program Files\MiKTeX\tex/latex/graphics\color.sty
Package: color 2022/01/06 v1.3d Standard LaTeX Color (DPC)

(C:\Program Files\MiKTeX\tex/latex/graphics-cfg\color.cfg
File: color.cfg 2016/01/02 v1.6 sample color configuration
)
Package color Info: Driver file: xetex.def on input line 149.

(C:\Program Files\MiKTeX\tex/latex/graphics\mathcolor.ltx))
Package hyperref Info: Link coloring ON on input line 47.

(background_magnitude.out) (background_magnitude.out)
\@outlinefile=\write3
\openout3 = `background_magnitude.out'.

\c@lstlisting=\count407

Package chemgreek Info: Activating mapping `default' on line 47.



Package siunitx Warning: Detected the "physics" package:
(siunitx)                omitting definition of \qty.
(siunitx)                
(siunitx)                If you want to use \qty with the siunitx definition,
(siunitx)                add 
(siunitx)                
(siunitx)                    \AtBeginDocument{\RenewCommandCopy\qty\SI}
(siunitx)                
(siunitx)                to your preamble.


(C:\Program Files\MiKTeX\tex/latex/translations/dicts\translations-basic-dictio
nary-english.trsl
File: translations-basic-dictionary-english.trsl (english translation file `tra
nslations-basic-dictionary')
)
Package caption Info: Begin \AtBeginDocument code.
Package caption Info: End \AtBeginDocument code.
LaTeX Font Info:    Trying to load font information for U+msa on input line 50.

 (C:\Program Files\MiKTeX\tex/latex/amsfonts\umsa.fd
File: umsa.fd 2013/01/14 v3.01 AMS symbols A
)
LaTeX Font Info:    Trying to load font information for U+msb on input line 50.


(C:\Program Files\MiKTeX\tex/latex/amsfonts\umsb.fd
File: umsb.fd 2013/01/14 v3.01 AMS symbols B
) [1

]
File: ../markings.pdf Graphic file (type pdf)
<use ../markings.pdf>
 [2] [3]
(background_magnitude.aux)
Package rerunfilecheck Info: File `background_magnitude.out' has not changed.
(rerunfilecheck)             Checksum: 988BD7056D8D9E5A8EF35A1074A3D9CC;289.
 ) 
Here is how much of TeX's memory you used:
 25508 strings out of 411448
 524897 string characters out of 5821725
 1855698 words of memory out of 5000000
 45376 multiletter control sequences out of 15000+600000
 529219 words of font info for 125 fonts, out of 8000000 for 9000
 1348 hyphenation exceptions out of 8191
 86i,14n,131p,1351b,842s stack positions out of 10000i,1000n,20000p,200000b,200000s

Output written on background_magnitude.pdf (3 pages).
